Arguments: 
  C:\Program Files\nodejs\node.exe C:\Users\user\AppData\Roaming\npm\node_modules\yarn\bin\yarn.js init {BookList}

PATH: 
  C:\Users\user\bin;C:\Program Files\Git\mingw64\bin;C:\Program Files\Git\usr\local\bin;C:\Program Files\Git\usr\bin;C:\Program Files\Git\usr\bin;C:\Program Files\Git\mingw64\bin;C:\Program Files\Git\usr\bin;C:\Users\user\bin;C:\Windows\system32;C:\Windows;C:\Windows\System32\Wbem;C:\Windows\System32\WindowsPowerShell\v1.0;C:\Windows\System32\OpenSSH;C:\Program Files\Git\cmd;C:\Program Files\nodejs;C:\Users\user\AppData\Local\Microsoft\WindowsApps;C:\Users\user\AppData\Local\Programs\Microsoft VS Code\bin;C:\Users\user\AppData\Roaming\npm;C:\Program Files\Git\usr\bin\vendor_perl;C:\Program Files\Git\usr\bin\core_perl

Yarn version: 
  1.22.19

Node version: 
  19.8.1

Platform: 
  win32 x64

Trace: 
  Error: canceled
      at Interface.<anonymous> (C:\Users\user\AppData\Roaming\npm\node_modules\yarn\lib\cli.js:137150:13)
      at Interface.emit (node:events:512:28)
      at [_ttyWrite] [as _ttyWrite] (node:internal/readline/interface:1132:18)
      at ReadStream.onkeypress (node:internal/readline/interface:271:20)
      at ReadStream.emit (node:events:512:28)
      at emitKeys (node:internal/readline/utils:357:14)
      at emitKeys.next (<anonymous>)
      at ReadStream.onData (node:internal/readline/emitKeypressEvents:64:36)
      at ReadStream.emit (node:events:512:28)
      at addChunk (node:internal/streams/readable:324:12)

npm manifest: 
  No manifest

yarn manifest: 
  No manifest

Lockfile: 
  # THIS IS AN AUTOGENERATED FILE. DO NOT EDIT THIS FILE DIRECTLY.
  # yarn lockfile v1
